C:\USERS\WLSDU\DESKTOP\WORKSPACE__JYKIM(VS2010)\BITBLT\BITBLT\DEBUG\BITBLT.EXE.EMBED.MANIFEST
C:\USERS\WLSDU\DESKTOP\WORKSPACE__JYKIM(VS2010)\BITBLT\BITBLT\DEBUG\BITBLT.EXE.EMBED.MANIFEST.RES
C:\USERS\WLSDU\DESKTOP\WORKSPACE__JYKIM(VS2010)\BITBLT\BITBLT\DEBUG\BITBLT.EXE.INTERMEDIATE.MANIFEST
C:\USERS\WLSDU\DESKTOP\WORKSPACE__JYKIM(VS2010)\BITBLT\BITBLT\DEBUG\BITBLT.OBJ
C:\USERS\WLSDU\DESKTOP\WORKSPACE__JYKIM(VS2010)\BITBLT\BITBLT\DEBUG\BITBLT.PCH
C:\USERS\WLSDU\DESKTOP\WORKSPACE__JYKIM(VS2010)\BITBLT\BITBLT\DEBUG\BITBLT.RES
C:\Users\wlsdu\Desktop\WorkSpace__JYKim(VS2010)\Bitblt\Bitblt\Debug\Bitblt.write.1.tlog
C:\Users\wlsdu\Desktop\WorkSpace__JYKim(VS2010)\Bitblt\Bitblt\Debug\Bitblt_manifest.rc
C:\USERS\WLSDU\DESKTOP\WORKSPACE__JYKIM(VS2010)\BITBLT\BITBLT\DEBUG\BITBLTDLG.OBJ
C:\Users\wlsdu\Desktop\WorkSpace__JYKim(VS2010)\Bitblt\Bitblt\Debug\cl.command.1.tlog
C:\Users\wlsdu\Desktop\WorkSpace__JYKim(VS2010)\Bitblt\Bitblt\Debug\CL.read.1.tlog
C:\Users\wlsdu\Desktop\WorkSpace__JYKim(VS2010)\Bitblt\Bitblt\Debug\CL.write.1.tlog
C:\Users\wlsdu\Desktop\WorkSpace__JYKim(VS2010)\Bitblt\Bitblt\Debug\link.command.1.tlog
C:\Users\wlsdu\Desktop\WorkSpace__JYKim(VS2010)\Bitblt\Bitblt\Debug\link.read.1.tlog
C:\Users\wlsdu\Desktop\WorkSpace__JYKim(VS2010)\Bitblt\Bitblt\Debug\link.write.1.tlog
C:\Users\wlsdu\Desktop\WorkSpace__JYKim(VS2010)\Bitblt\Bitblt\Debug\link-cvtres.read.1.tlog
C:\Users\wlsdu\Desktop\WorkSpace__JYKim(VS2010)\Bitblt\Bitblt\Debug\link-cvtres.write.1.tlog
C:\Users\wlsdu\Desktop\WorkSpace__JYKim(VS2010)\Bitblt\Bitblt\Debug\mt.command.1.tlog
C:\Users\wlsdu\Desktop\WorkSpace__JYKim(VS2010)\Bitblt\Bitblt\Debug\mt.read.1.tlog
C:\Users\wlsdu\Desktop\WorkSpace__JYKim(VS2010)\Bitblt\Bitblt\Debug\mt.write.1.tlog
C:\Users\wlsdu\Desktop\WorkSpace__JYKim(VS2010)\Bitblt\Bitblt\Debug\rc.command.1.tlog
C:\Users\wlsdu\Desktop\WorkSpace__JYKim(VS2010)\Bitblt\Bitblt\Debug\rc.read.1.tlog
C:\Users\wlsdu\Desktop\WorkSpace__JYKim(VS2010)\Bitblt\Bitblt\Debug\rc.write.1.tlog
C:\USERS\WLSDU\DESKTOP\WORKSPACE__JYKIM(VS2010)\BITBLT\BITBLT\DEBUG\STDAFX.OBJ
C:\Users\wlsdu\Desktop\WorkSpace__JYKim(VS2010)\Bitblt\Bitblt\Debug\vc100.idb
C:\USERS\WLSDU\DESKTOP\WORKSPACE__JYKIM(VS2010)\BITBLT\BITBLT\DEBUG\VC100.PDB
C:\USERS\WLSDU\DESKTOP\WORKSPACE__JYKIM(VS2010)\BITBLT\DEBUG\BITBLT.EXE
C:\USERS\WLSDU\DESKTOP\WORKSPACE__JYKIM(VS2010)\BITBLT\DEBUG\BITBLT.ILK
C:\USERS\WLSDU\DESKTOP\WORKSPACE__JYKIM(VS2010)\BITBLT\DEBUG\BITBLT.PDB
