C:\USERS\WLSDU\DESKTOP\WORKSPACE__JYKIM(VS2010)\SUBCLASSING(ING)\DEBUG\SUBCLASSING.EXE
C:\USERS\WLSDU\DESKTOP\WORKSPACE__JYKIM(VS2010)\SUBCLASSING(ING)\DEBUG\SUBCLASSING.ILK
C:\USERS\WLSDU\DESKTOP\WORKSPACE__JYKIM(VS2010)\SUBCLASSING(ING)\DEBUG\SUBCLASSING.PDB
C:\Users\wlsdu\Desktop\WorkSpace__JYKim(VS2010)\Subclassing(ing)\Subclassing\Debug\cl.command.1.tlog
C:\Users\wlsdu\Desktop\WorkSpace__JYKim(VS2010)\Subclassing(ing)\Subclassing\Debug\CL.read.1.tlog
C:\Users\wlsdu\Desktop\WorkSpace__JYKim(VS2010)\Subclassing(ing)\Subclassing\Debug\CL.write.1.tlog
C:\Users\wlsdu\Desktop\WorkSpace__JYKim(VS2010)\Subclassing(ing)\Subclassing\Debug\link.14176.read.1.tlog
C:\Users\wlsdu\Desktop\WorkSpace__JYKim(VS2010)\Subclassing(ing)\Subclassing\Debug\link.14176.write.1.tlog
C:\Users\wlsdu\Desktop\WorkSpace__JYKim(VS2010)\Subclassing(ing)\Subclassing\Debug\link.14176-cvtres.read.1.tlog
C:\Users\wlsdu\Desktop\WorkSpace__JYKim(VS2010)\Subclassing(ing)\Subclassing\Debug\link.14176-cvtres.write.1.tlog
C:\Users\wlsdu\Desktop\WorkSpace__JYKim(VS2010)\Subclassing(ing)\Subclassing\Debug\link.command.1.tlog
C:\Users\wlsdu\Desktop\WorkSpace__JYKim(VS2010)\Subclassing(ing)\Subclassing\Debug\link.read.1.tlog
C:\Users\wlsdu\Desktop\WorkSpace__JYKim(VS2010)\Subclassing(ing)\Subclassing\Debug\link.write.1.tlog
C:\Users\wlsdu\Desktop\WorkSpace__JYKim(VS2010)\Subclassing(ing)\Subclassing\Debug\link-cvtres.read.1.tlog
C:\Users\wlsdu\Desktop\WorkSpace__JYKim(VS2010)\Subclassing(ing)\Subclassing\Debug\link-cvtres.write.1.tlog
C:\Users\wlsdu\Desktop\WorkSpace__JYKim(VS2010)\Subclassing(ing)\Subclassing\Debug\mt.command.1.tlog
C:\Users\wlsdu\Desktop\WorkSpace__JYKim(VS2010)\Subclassing(ing)\Subclassing\Debug\mt.read.1.tlog
C:\Users\wlsdu\Desktop\WorkSpace__JYKim(VS2010)\Subclassing(ing)\Subclassing\Debug\mt.write.1.tlog
C:\USERS\WLSDU\DESKTOP\WORKSPACE__JYKIM(VS2010)\SUBCLASSING(ING)\SUBCLASSING\DEBUG\MYBUTTON.OBJ
C:\USERS\WLSDU\DESKTOP\WORKSPACE__JYKIM(VS2010)\SUBCLASSING(ING)\SUBCLASSING\DEBUG\MYEDIT.OBJ
C:\Users\wlsdu\Desktop\WorkSpace__JYKim(VS2010)\Subclassing(ing)\Subclassing\Debug\rc.command.1.tlog
C:\Users\wlsdu\Desktop\WorkSpace__JYKim(VS2010)\Subclassing(ing)\Subclassing\Debug\rc.read.1.tlog
C:\Users\wlsdu\Desktop\WorkSpace__JYKim(VS2010)\Subclassing(ing)\Subclassing\Debug\rc.write.1.tlog
C:\USERS\WLSDU\DESKTOP\WORKSPACE__JYKIM(VS2010)\SUBCLASSING(ING)\SUBCLASSING\DEBUG\STDAFX.OBJ
C:\Users\wlsdu\Desktop\WorkSpace__JYKim(VS2010)\Subclassing(ing)\Subclassing\Debug\Subclassing.exe.embed.manifest
C:\USERS\WLSDU\DESKTOP\WORKSPACE__JYKIM(VS2010)\SUBCLASSING(ING)\SUBCLASSING\DEBUG\SUBCLASSING.EXE.EMBED.MANIFEST.RES
C:\USERS\WLSDU\DESKTOP\WORKSPACE__JYKIM(VS2010)\SUBCLASSING(ING)\SUBCLASSING\DEBUG\SUBCLASSING.EXE.INTERMEDIATE.MANIFEST
C:\USERS\WLSDU\DESKTOP\WORKSPACE__JYKIM(VS2010)\SUBCLASSING(ING)\SUBCLASSING\DEBUG\SUBCLASSING.OBJ
C:\USERS\WLSDU\DESKTOP\WORKSPACE__JYKIM(VS2010)\SUBCLASSING(ING)\SUBCLASSING\DEBUG\SUBCLASSING.PCH
C:\USERS\WLSDU\DESKTOP\WORKSPACE__JYKIM(VS2010)\SUBCLASSING(ING)\SUBCLASSING\DEBUG\SUBCLASSING.RES
C:\Users\wlsdu\Desktop\WorkSpace__JYKim(VS2010)\Subclassing(ing)\Subclassing\Debug\Subclassing.vcxprojResolveAssemblyReference.cache
C:\Users\wlsdu\Desktop\WorkSpace__JYKim(VS2010)\Subclassing(ing)\Subclassing\Debug\Subclassing.write.1.tlog
C:\Users\wlsdu\Desktop\WorkSpace__JYKim(VS2010)\Subclassing(ing)\Subclassing\Debug\Subclassing_manifest.rc
C:\USERS\WLSDU\DESKTOP\WORKSPACE__JYKIM(VS2010)\SUBCLASSING(ING)\SUBCLASSING\DEBUG\SUBCLASSINGDLG.OBJ
C:\Users\wlsdu\Desktop\WorkSpace__JYKim(VS2010)\Subclassing(ing)\Subclassing\Debug\vc100.idb
C:\USERS\WLSDU\DESKTOP\WORKSPACE__JYKIM(VS2010)\SUBCLASSING(ING)\SUBCLASSING\DEBUG\VC100.PDB
C:\USERS\WLSDU\DESKTOP\WORKSPACE__JYKIM(VS2010)\SUBCLASSING\DEBUG\SUBCLASSING.EXE
C:\USERS\WLSDU\DESKTOP\WORKSPACE__JYKIM(VS2010)\SUBCLASSING\DEBUG\SUBCLASSING.ILK
C:\USERS\WLSDU\DESKTOP\WORKSPACE__JYKIM(VS2010)\SUBCLASSING\DEBUG\SUBCLASSING.PDB
C:\USERS\WLSDU\DESKTOP\WORKSPACE__JYKIM(VS2010)\SUBCLASSING\SUBCLASSING\DEBUG\MYBUTTON.OBJ
C:\USERS\WLSDU\DESKTOP\WORKSPACE__JYKIM(VS2010)\SUBCLASSING\SUBCLASSING\DEBUG\STDAFX.OBJ
C:\USERS\WLSDU\DESKTOP\WORKSPACE__JYKIM(VS2010)\SUBCLASSING\SUBCLASSING\DEBUG\SUBCLASSING.EXE.EMBED.MANIFEST
C:\USERS\WLSDU\DESKTOP\WORKSPACE__JYKIM(VS2010)\SUBCLASSING\SUBCLASSING\DEBUG\SUBCLASSING.EXE.EMBED.MANIFEST.RES
C:\USERS\WLSDU\DESKTOP\WORKSPACE__JYKIM(VS2010)\SUBCLASSING\SUBCLASSING\DEBUG\SUBCLASSING.EXE.INTERMEDIATE.MANIFEST
C:\USERS\WLSDU\DESKTOP\WORKSPACE__JYKIM(VS2010)\SUBCLASSING\SUBCLASSING\DEBUG\SUBCLASSING.OBJ
C:\USERS\WLSDU\DESKTOP\WORKSPACE__JYKIM(VS2010)\SUBCLASSING\SUBCLASSING\DEBUG\SUBCLASSING.PCH
C:\USERS\WLSDU\DESKTOP\WORKSPACE__JYKIM(VS2010)\SUBCLASSING\SUBCLASSING\DEBUG\SUBCLASSING.RES
C:\USERS\WLSDU\DESKTOP\WORKSPACE__JYKIM(VS2010)\SUBCLASSING\SUBCLASSING\DEBUG\SUBCLASSINGDLG.OBJ
C:\USERS\WLSDU\DESKTOP\WORKSPACE__JYKIM(VS2010)\SUBCLASSING\SUBCLASSING\DEBUG\VC100.PDB
