C:\USERS\WLSDU\DESKTOP\WORKSPACE__JYKIM(VS2010)\GDIPLUS_BASE\DEBUG\GDIPLUS.EXE
C:\USERS\WLSDU\DESKTOP\WORKSPACE__JYKIM(VS2010)\GDIPLUS_BASE\DEBUG\GDIPLUS.ILK
C:\USERS\WLSDU\DESKTOP\WORKSPACE__JYKIM(VS2010)\GDIPLUS_BASE\DEBUG\GDIPLUS.PDB
C:\USERS\WLSDU\DESKTOP\WORKSPACE__JYKIM(VS2010)\GDIPLUS_BASE\GDIPLUS\DEBUG\GDIPLUS.EXE.EMBED.MANIFEST.RES
C:\USERS\WLSDU\DESKTOP\WORKSPACE__JYKIM(VS2010)\GDIPLUS_BASE\GDIPLUS\DEBUG\GDIPLUS.EXE.INTERMEDIATE.MANIFEST
C:\USERS\WLSDU\DESKTOP\WORKSPACE__JYKIM(VS2010)\GDIPLUS_BASE\GDIPLUS\DEBUG\GDIPLUS.OBJ
C:\USERS\WLSDU\DESKTOP\WORKSPACE__JYKIM(VS2010)\GDIPLUS_BASE\GDIPLUS\DEBUG\GDIPLUS.PCH
C:\USERS\WLSDU\DESKTOP\WORKSPACE__JYKIM(VS2010)\GDIPLUS_BASE\GDIPLUS\DEBUG\GDIPLUS.RES
C:\USERS\WLSDU\DESKTOP\WORKSPACE__JYKIM(VS2010)\GDIPLUS_BASE\GDIPLUS\DEBUG\GDIPLUSDLG.OBJ
C:\USERS\WLSDU\DESKTOP\WORKSPACE__JYKIM(VS2010)\GDIPLUS_BASE\GDIPLUS\DEBUG\STDAFX.OBJ
C:\USERS\WLSDU\DESKTOP\WORKSPACE__JYKIM(VS2010)\GDIPLUS_BASE\GDIPLUS\DEBUG\VC100.PDB
C:\USERS\WLSDU\DESKTOP\WORKSPACE__JYKIM(VS2010)\GDIPLUS_BITMAPTOMAT\DEBUG\GDIPLUS.EXE
C:\USERS\WLSDU\DESKTOP\WORKSPACE__JYKIM(VS2010)\GDIPLUS_BITMAPTOMAT\DEBUG\GDIPLUS.ILK
C:\USERS\WLSDU\DESKTOP\WORKSPACE__JYKIM(VS2010)\GDIPLUS_BITMAPTOMAT\DEBUG\GDIPLUS.PDB
C:\Users\wlsdu\Desktop\WorkSpace__JYKim(VS2010)\GDIPlus_BitmapToMat\GDIPlus\Debug\cl.command.1.tlog
C:\Users\wlsdu\Desktop\WorkSpace__JYKim(VS2010)\GDIPlus_BitmapToMat\GDIPlus\Debug\CL.read.1.tlog
C:\Users\wlsdu\Desktop\WorkSpace__JYKim(VS2010)\GDIPlus_BitmapToMat\GDIPlus\Debug\CL.write.1.tlog
C:\Users\wlsdu\Desktop\WorkSpace__JYKim(VS2010)\GDIPlus_BitmapToMat\GDIPlus\Debug\GDIPlus.exe.embed.manifest
C:\USERS\WLSDU\DESKTOP\WORKSPACE__JYKIM(VS2010)\GDIPLUS_BITMAPTOMAT\GDIPLUS\DEBUG\GDIPLUS.EXE.EMBED.MANIFEST.RES
C:\USERS\WLSDU\DESKTOP\WORKSPACE__JYKIM(VS2010)\GDIPLUS_BITMAPTOMAT\GDIPLUS\DEBUG\GDIPLUS.EXE.INTERMEDIATE.MANIFEST
C:\USERS\WLSDU\DESKTOP\WORKSPACE__JYKIM(VS2010)\GDIPLUS_BITMAPTOMAT\GDIPLUS\DEBUG\GDIPLUS.OBJ
C:\USERS\WLSDU\DESKTOP\WORKSPACE__JYKIM(VS2010)\GDIPLUS_BITMAPTOMAT\GDIPLUS\DEBUG\GDIPLUS.PCH
C:\USERS\WLSDU\DESKTOP\WORKSPACE__JYKIM(VS2010)\GDIPLUS_BITMAPTOMAT\GDIPLUS\DEBUG\GDIPLUS.RES
C:\Users\wlsdu\Desktop\WorkSpace__JYKim(VS2010)\GDIPlus_BitmapToMat\GDIPlus\Debug\GDIPlus.vcxprojResolveAssemblyReference.cache
C:\Users\wlsdu\Desktop\WorkSpace__JYKim(VS2010)\GDIPlus_BitmapToMat\GDIPlus\Debug\GDIPlus.write.1.tlog
C:\Users\wlsdu\Desktop\WorkSpace__JYKim(VS2010)\GDIPlus_BitmapToMat\GDIPlus\Debug\GDIPlus_manifest.rc
C:\USERS\WLSDU\DESKTOP\WORKSPACE__JYKIM(VS2010)\GDIPLUS_BITMAPTOMAT\GDIPLUS\DEBUG\GDIPLUSDLG.OBJ
C:\Users\wlsdu\Desktop\WorkSpace__JYKim(VS2010)\GDIPlus_BitmapToMat\GDIPlus\Debug\link.11796.read.1.tlog
C:\Users\wlsdu\Desktop\WorkSpace__JYKim(VS2010)\GDIPlus_BitmapToMat\GDIPlus\Debug\link.11796.write.1.tlog
C:\Users\wlsdu\Desktop\WorkSpace__JYKim(VS2010)\GDIPlus_BitmapToMat\GDIPlus\Debug\link.11796-cvtres.read.1.tlog
C:\Users\wlsdu\Desktop\WorkSpace__JYKim(VS2010)\GDIPlus_BitmapToMat\GDIPlus\Debug\link.11796-cvtres.write.1.tlog
C:\Users\wlsdu\Desktop\WorkSpace__JYKim(VS2010)\GDIPlus_BitmapToMat\GDIPlus\Debug\link.16436.read.1.tlog
C:\Users\wlsdu\Desktop\WorkSpace__JYKim(VS2010)\GDIPlus_BitmapToMat\GDIPlus\Debug\link.16436.write.1.tlog
C:\Users\wlsdu\Desktop\WorkSpace__JYKim(VS2010)\GDIPlus_BitmapToMat\GDIPlus\Debug\link.16436-cvtres.read.1.tlog
C:\Users\wlsdu\Desktop\WorkSpace__JYKim(VS2010)\GDIPlus_BitmapToMat\GDIPlus\Debug\link.16436-cvtres.write.1.tlog
C:\Users\wlsdu\Desktop\WorkSpace__JYKim(VS2010)\GDIPlus_BitmapToMat\GDIPlus\Debug\link.18616.read.1.tlog
C:\Users\wlsdu\Desktop\WorkSpace__JYKim(VS2010)\GDIPlus_BitmapToMat\GDIPlus\Debug\link.18616.write.1.tlog
C:\Users\wlsdu\Desktop\WorkSpace__JYKim(VS2010)\GDIPlus_BitmapToMat\GDIPlus\Debug\link.18616-cvtres.read.1.tlog
C:\Users\wlsdu\Desktop\WorkSpace__JYKim(VS2010)\GDIPlus_BitmapToMat\GDIPlus\Debug\link.18616-cvtres.write.1.tlog
C:\Users\wlsdu\Desktop\WorkSpace__JYKim(VS2010)\GDIPlus_BitmapToMat\GDIPlus\Debug\link.6740.read.1.tlog
C:\Users\wlsdu\Desktop\WorkSpace__JYKim(VS2010)\GDIPlus_BitmapToMat\GDIPlus\Debug\link.6740.write.1.tlog
C:\Users\wlsdu\Desktop\WorkSpace__JYKim(VS2010)\GDIPlus_BitmapToMat\GDIPlus\Debug\link.6740-cvtres.read.1.tlog
C:\Users\wlsdu\Desktop\WorkSpace__JYKim(VS2010)\GDIPlus_BitmapToMat\GDIPlus\Debug\link.6740-cvtres.write.1.tlog
C:\Users\wlsdu\Desktop\WorkSpace__JYKim(VS2010)\GDIPlus_BitmapToMat\GDIPlus\Debug\link.command.1.tlog
C:\Users\wlsdu\Desktop\WorkSpace__JYKim(VS2010)\GDIPlus_BitmapToMat\GDIPlus\Debug\link.read.1.tlog
C:\Users\wlsdu\Desktop\WorkSpace__JYKim(VS2010)\GDIPlus_BitmapToMat\GDIPlus\Debug\link.write.1.tlog
C:\Users\wlsdu\Desktop\WorkSpace__JYKim(VS2010)\GDIPlus_BitmapToMat\GDIPlus\Debug\link-cvtres.read.1.tlog
C:\Users\wlsdu\Desktop\WorkSpace__JYKim(VS2010)\GDIPlus_BitmapToMat\GDIPlus\Debug\link-cvtres.write.1.tlog
C:\Users\wlsdu\Desktop\WorkSpace__JYKim(VS2010)\GDIPlus_BitmapToMat\GDIPlus\Debug\mt.command.1.tlog
C:\Users\wlsdu\Desktop\WorkSpace__JYKim(VS2010)\GDIPlus_BitmapToMat\GDIPlus\Debug\mt.read.1.tlog
C:\Users\wlsdu\Desktop\WorkSpace__JYKim(VS2010)\GDIPlus_BitmapToMat\GDIPlus\Debug\mt.write.1.tlog
C:\Users\wlsdu\Desktop\WorkSpace__JYKim(VS2010)\GDIPlus_BitmapToMat\GDIPlus\Debug\rc.command.1.tlog
C:\Users\wlsdu\Desktop\WorkSpace__JYKim(VS2010)\GDIPlus_BitmapToMat\GDIPlus\Debug\rc.read.1.tlog
C:\Users\wlsdu\Desktop\WorkSpace__JYKim(VS2010)\GDIPlus_BitmapToMat\GDIPlus\Debug\rc.write.1.tlog
C:\USERS\WLSDU\DESKTOP\WORKSPACE__JYKIM(VS2010)\GDIPLUS_BITMAPTOMAT\GDIPLUS\DEBUG\STDAFX.OBJ
C:\Users\wlsdu\Desktop\WorkSpace__JYKim(VS2010)\GDIPlus_BitmapToMat\GDIPlus\Debug\vc100.idb
C:\USERS\WLSDU\DESKTOP\WORKSPACE__JYKIM(VS2010)\GDIPLUS_BITMAPTOMAT\GDIPLUS\DEBUG\VC100.PDB
C:\USERS\WLSDU\DESKTOP\WORKSPACE__JYKIM(VS2010)\GDIPLUS\DEBUG\GDIPLUS.EXE
C:\USERS\WLSDU\DESKTOP\WORKSPACE__JYKIM(VS2010)\GDIPLUS\DEBUG\GDIPLUS.ILK
C:\USERS\WLSDU\DESKTOP\WORKSPACE__JYKIM(VS2010)\GDIPLUS\DEBUG\GDIPLUS.PDB
C:\USERS\WLSDU\DESKTOP\WORKSPACE__JYKIM(VS2010)\GDIPLUS\GDIPLUS\DEBUG\GDIPLUS.EXE.EMBED.MANIFEST
C:\USERS\WLSDU\DESKTOP\WORKSPACE__JYKIM(VS2010)\GDIPLUS\GDIPLUS\DEBUG\GDIPLUS.EXE.EMBED.MANIFEST.RES
C:\USERS\WLSDU\DESKTOP\WORKSPACE__JYKIM(VS2010)\GDIPLUS\GDIPLUS\DEBUG\GDIPLUS.EXE.INTERMEDIATE.MANIFEST
C:\USERS\WLSDU\DESKTOP\WORKSPACE__JYKIM(VS2010)\GDIPLUS\GDIPLUS\DEBUG\GDIPLUS.OBJ
C:\USERS\WLSDU\DESKTOP\WORKSPACE__JYKIM(VS2010)\GDIPLUS\GDIPLUS\DEBUG\GDIPLUS.PCH
C:\USERS\WLSDU\DESKTOP\WORKSPACE__JYKIM(VS2010)\GDIPLUS\GDIPLUS\DEBUG\GDIPLUS.RES
C:\USERS\WLSDU\DESKTOP\WORKSPACE__JYKIM(VS2010)\GDIPLUS\GDIPLUS\DEBUG\GDIPLUSDLG.OBJ
C:\USERS\WLSDU\DESKTOP\WORKSPACE__JYKIM(VS2010)\GDIPLUS\GDIPLUS\DEBUG\STDAFX.OBJ
C:\USERS\WLSDU\DESKTOP\WORKSPACE__JYKIM(VS2010)\GDIPLUS\GDIPLUS\DEBUG\VC100.PDB
