빌드 시작: 2018-04-12 오전 11:06:45
     1>2 노드의 "C:\Users\wlsdu\Desktop\WorkSpace__JYKim(VS2010)\WordSearch\WordSearch\WordSearch.vcxproj" 프로젝트(build 대상)입니다.
     1>InitializeBuildStatus:
         "Debug\WordSearch.unsuccessfulbuild"에 연결(touching)하고 있습니다.
       ClCompile:
         모든 출력이 최신 상태입니다.
         C:\Program Files (x86)\Microsoft Visual Studio 10.0\VC\bin\CL.exe /c /ZI /nologo /W3 /WX- /Od /Oy- /D WIN32 /D _WINDOWS /D _DEBUG /D _UNICODE /D UNICODE /D _AFXDLL /Gm /EHsc /RTC1 /MDd /GS /fp:precise /Zc:wchar_t /Zc:forScope /Yu"StdAfx.h" /Fp"Debug\WordSearch.pch" /Fo"Debug\\" /Fd"Debug\vc100.pdb" /Gd /TP /analyze- /errorReport:prompt WordSearchDlg.cpp
         WordSearchDlg.cpp
       ResourceCompile:
         c:\Program Files (x86)\Microsoft SDKs\Windows\v7.0A\bin\rc.exe /D _DEBUG /D _UNICODE /D UNICODE /D _AFXDLL /l"0x0412" /IDebug\ /nologo /fo"Debug\WordSearch.res" WordSearch.rc 
       ManifestResourceCompile:
         c:\Program Files (x86)\Microsoft SDKs\Windows\v7.0A\bin\rc.exe /nologo /fo"Debug\WordSearch.exe.embed.manifest.res" Debug\WordSearch_manifest.rc 
       Link:
         C:\Program Files (x86)\Microsoft Visual Studio 10.0\VC\bin\link.exe /ERRORREPORT:PROMPT /OUT:"C:\Users\wlsdu\Desktop\WorkSpace__JYKim(VS2010)\WordSearch\Debug\WordSearch.exe" /INCREMENTAL /NOLOGO /MANIFEST /ManifestFile:"Debug\WordSearch.exe.intermediate.manifest" /MANIFESTUAC:"level='asInvoker' uiAccess='false'" /DEBUG /PDB:"C:\Users\wlsdu\Desktop\WorkSpace__JYKim(VS2010)\WordSearch\Debug\WordSearch.pdb" /SUBSYSTEM:WINDOWS /TLBID:1 /ENTRY:"wWinMainCRTStartup" /DYNAMICBASE /NXCOMPAT /IMPLIB:"C:\Users\wlsdu\Desktop\WorkSpace__JYKim(VS2010)\WordSearch\Debug\WordSearch.lib" /MACHINE:X86 Debug\WordSearch.res
         Debug\WordSearch.exe.embed.manifest.res
         Debug\stdafx.obj
         Debug\WordSearch.obj
         Debug\WordSearchDlg.obj
       Manifest:
         c:\Program Files (x86)\Microsoft SDKs\Windows\v7.0A\bin\mt.exe /nologo /verbose /out:"Debug\WordSearch.exe.embed.manifest" /manifest Debug\WordSearch.exe.intermediate.manifest "C:\Program Files (x86)\Microsoft Visual Studio 10.0\VC\Include\Manifest\dpiaware.manifest"
         c:\Program Files (x86)\Microsoft SDKs\Windows\v7.0A\bin\rc.exe /nologo /fo"Debug\WordSearch.exe.embed.manifest.res" Debug\WordSearch_manifest.rc 
       LinkEmbedManifest:
         C:\Program Files (x86)\Microsoft Visual Studio 10.0\VC\bin\link.exe /ERRORREPORT:PROMPT /OUT:"C:\Users\wlsdu\Desktop\WorkSpace__JYKim(VS2010)\WordSearch\Debug\WordSearch.exe" /INCREMENTAL /NOLOGO /MANIFEST /ManifestFile:"Debug\WordSearch.exe.intermediate.manifest" /MANIFESTUAC:"level='asInvoker' uiAccess='false'" /DEBUG /PDB:"C:\Users\wlsdu\Desktop\WorkSpace__JYKim(VS2010)\WordSearch\Debug\WordSearch.pdb" /SUBSYSTEM:WINDOWS /TLBID:1 /ENTRY:"wWinMainCRTStartup" /DYNAMICBASE /NXCOMPAT /IMPLIB:"C:\Users\wlsdu\Desktop\WorkSpace__JYKim(VS2010)\WordSearch\Debug\WordSearch.lib" /MACHINE:X86 Debug\WordSearch.res
         Debug\WordSearch.exe.embed.manifest.res
         Debug\stdafx.obj
         Debug\WordSearch.obj
         Debug\WordSearchDlg.obj
         WordSearch.vcxproj -> C:\Users\wlsdu\Desktop\WorkSpace__JYKim(VS2010)\WordSearch\Debug\WordSearch.exe
       FinalizeBuildStatus:
         "Debug\WordSearch.unsuccessfulbuild" 파일을 삭제하고 있습니다.
         "Debug\WordSearch.lastbuildstate"에 연결(touching)하고 있습니다.
     1>"C:\Users\wlsdu\Desktop\WorkSpace__JYKim(VS2010)\WordSearch\WordSearch\WordSearch.vcxproj" 프로젝트를 빌드했습니다(build 대상).

빌드했습니다.

경과 시간: 00:00:00.98
