C:\Users\wlsdu\Desktop\WorkSpace__JYKim(VS2010)\ListCtrlFont\Debug\ListCtrlFont.pdb
C:\Users\wlsdu\Desktop\WorkSpace__JYKim(VS2010)\ListCtrlFont\ListCtrlFont\Debug\cl.command.1.tlog
C:\Users\wlsdu\Desktop\WorkSpace__JYKim(VS2010)\ListCtrlFont\ListCtrlFont\Debug\CL.read.1.tlog
C:\Users\wlsdu\Desktop\WorkSpace__JYKim(VS2010)\ListCtrlFont\ListCtrlFont\Debug\CL.write.1.tlog
C:\Users\wlsdu\Desktop\WorkSpace__JYKim(VS2010)\ListCtrlFont\ListCtrlFont\Debug\link.command.1.tlog
C:\Users\wlsdu\Desktop\WorkSpace__JYKim(VS2010)\ListCtrlFont\ListCtrlFont\Debug\link.read.1.tlog
C:\Users\wlsdu\Desktop\WorkSpace__JYKim(VS2010)\ListCtrlFont\ListCtrlFont\Debug\link.write.1.tlog
C:\Users\wlsdu\Desktop\WorkSpace__JYKim(VS2010)\ListCtrlFont\ListCtrlFont\Debug\link-cvtres.read.1.tlog
C:\Users\wlsdu\Desktop\WorkSpace__JYKim(VS2010)\ListCtrlFont\ListCtrlFont\Debug\link-cvtres.write.1.tlog
C:\USERS\WLSDU\DESKTOP\WORKSPACE__JYKIM(VS2010)\LISTCTRLFONT\LISTCTRLFONT\DEBUG\LISTCTRLFONT.EXE.EMBED.MANIFEST
C:\USERS\WLSDU\DESKTOP\WORKSPACE__JYKIM(VS2010)\LISTCTRLFONT\LISTCTRLFONT\DEBUG\LISTCTRLFONT.EXE.EMBED.MANIFEST.RES
C:\Users\wlsdu\Desktop\WorkSpace__JYKim(VS2010)\ListCtrlFont\ListCtrlFont\Debug\ListCtrlFont.exe.intermediate.manifest
C:\USERS\WLSDU\DESKTOP\WORKSPACE__JYKIM(VS2010)\LISTCTRLFONT\LISTCTRLFONT\DEBUG\LISTCTRLFONT.OBJ
C:\USERS\WLSDU\DESKTOP\WORKSPACE__JYKIM(VS2010)\LISTCTRLFONT\LISTCTRLFONT\DEBUG\LISTCTRLFONT.PCH
C:\USERS\WLSDU\DESKTOP\WORKSPACE__JYKIM(VS2010)\LISTCTRLFONT\LISTCTRLFONT\DEBUG\LISTCTRLFONT.RES
C:\Users\wlsdu\Desktop\WorkSpace__JYKim(VS2010)\ListCtrlFont\ListCtrlFont\Debug\ListCtrlFont.vcxprojResolveAssemblyReference.cache
C:\Users\wlsdu\Desktop\WorkSpace__JYKim(VS2010)\ListCtrlFont\ListCtrlFont\Debug\ListCtrlFont.write.1.tlog
C:\Users\wlsdu\Desktop\WorkSpace__JYKim(VS2010)\ListCtrlFont\ListCtrlFont\Debug\ListCtrlFont_manifest.rc
C:\USERS\WLSDU\DESKTOP\WORKSPACE__JYKIM(VS2010)\LISTCTRLFONT\LISTCTRLFONT\DEBUG\LISTCTRLFONTDLG.OBJ
C:\Users\wlsdu\Desktop\WorkSpace__JYKim(VS2010)\ListCtrlFont\ListCtrlFont\Debug\mt.command.1.tlog
C:\Users\wlsdu\Desktop\WorkSpace__JYKim(VS2010)\ListCtrlFont\ListCtrlFont\Debug\mt.read.1.tlog
C:\Users\wlsdu\Desktop\WorkSpace__JYKim(VS2010)\ListCtrlFont\ListCtrlFont\Debug\mt.write.1.tlog
C:\Users\wlsdu\Desktop\WorkSpace__JYKim(VS2010)\ListCtrlFont\ListCtrlFont\Debug\rc.command.1.tlog
C:\Users\wlsdu\Desktop\WorkSpace__JYKim(VS2010)\ListCtrlFont\ListCtrlFont\Debug\rc.read.1.tlog
C:\Users\wlsdu\Desktop\WorkSpace__JYKim(VS2010)\ListCtrlFont\ListCtrlFont\Debug\rc.write.1.tlog
C:\USERS\WLSDU\DESKTOP\WORKSPACE__JYKIM(VS2010)\LISTCTRLFONT\LISTCTRLFONT\DEBUG\STDAFX.OBJ
C:\Users\wlsdu\Desktop\WorkSpace__JYKim(VS2010)\ListCtrlFont\ListCtrlFont\Debug\vc100.idb
C:\USERS\WLSDU\DESKTOP\WORKSPACE__JYKIM(VS2010)\LISTCTRLFONT\LISTCTRLFONT\DEBUG\VC100.PDB
