빌드 시작: 2018-03-26 오전 10:13:16
     1>2 노드의 "C:\Users\wlsdu\Desktop\WorkSpace__JYKim(VS2010)\ListCtrlFont\ListCtrlFont\ListCtrlFont.vcxproj" 프로젝트(build 대상)입니다.
     1>InitializeBuildStatus:
         "AlwaysCreate"이(가) 지정되었기 때문에 "Debug\ListCtrlFont.unsuccessfulbuild"을(를) 만들고 있습니다.
       ClCompile:
         모든 출력이 최신 상태입니다.
         C:\Program Files (x86)\Microsoft Visual Studio 10.0\VC\bin\CL.exe /c /ZI /nologo /W3 /WX- /Od /Oy- /D WIN32 /D _WINDOWS /D _DEBUG /D _UNICODE /D UNICODE /D _AFXDLL /Gm /EHsc /RTC1 /MDd /GS /fp:precise /Zc:wchar_t /Zc:forScope /Yu"StdAfx.h" /Fp"Debug\ListCtrlFont.pch" /Fo"Debug\\" /Fd"Debug\vc100.pdb" /Gd /TP /analyze- /errorReport:prompt ListCtrlFontDlg.cpp
         ListCtrlFontDlg.cpp
       ResourceCompile:
         모든 출력이 최신 상태입니다.
       ManifestResourceCompile:
         모든 출력이 최신 상태입니다.
       Link:
         C:\Program Files (x86)\Microsoft Visual Studio 10.0\VC\bin\link.exe /ERRORREPORT:PROMPT /OUT:"C:\Users\wlsdu\Desktop\WorkSpace__JYKim(VS2010)\ListCtrlFont\Debug\ListCtrlFont.exe" /INCREMENTAL /NOLOGO UxTheme.lib /MANIFEST /ManifestFile:"Debug\ListCtrlFont.exe.intermediate.manifest" /MANIFESTUAC:"level='asInvoker' uiAccess='false'" /DEBUG /PDB:"C:\Users\wlsdu\Desktop\WorkSpace__JYKim(VS2010)\ListCtrlFont\Debug\ListCtrlFont.pdb" /SUBSYSTEM:WINDOWS /TLBID:1 /ENTRY:"wWinMainCRTStartup" /DYNAMICBASE /NXCOMPAT /IMPLIB:"C:\Users\wlsdu\Desktop\WorkSpace__JYKim(VS2010)\ListCtrlFont\Debug\ListCtrlFont.lib" /MACHINE:X86 Debug\ListCtrlFont.res
         Debug\ListCtrlFont.exe.embed.manifest.res
         Debug\ListCtrlFont.obj
         Debug\ListCtrlFontDlg.obj
         Debug\stdafx.obj
       Manifest:
         c:\Program Files (x86)\Microsoft SDKs\Windows\v7.0A\bin\mt.exe /nologo /verbose /out:"Debug\ListCtrlFont.exe.embed.manifest" /manifest Debug\ListCtrlFont.exe.intermediate.manifest "C:\Program Files (x86)\Microsoft Visual Studio 10.0\VC\Include\Manifest\dpiaware.manifest"
         모든 출력이 최신 상태입니다.
       LinkEmbedManifest:
         모든 출력이 최신 상태입니다.
         ListCtrlFont.vcxproj -> C:\Users\wlsdu\Desktop\WorkSpace__JYKim(VS2010)\ListCtrlFont\Debug\ListCtrlFont.exe
       FinalizeBuildStatus:
         "Debug\ListCtrlFont.unsuccessfulbuild" 파일을 삭제하고 있습니다.
         "Debug\ListCtrlFont.lastbuildstate"에 연결(touching)하고 있습니다.
     1>"C:\Users\wlsdu\Desktop\WorkSpace__JYKim(VS2010)\ListCtrlFont\ListCtrlFont\ListCtrlFont.vcxproj" 프로젝트를 빌드했습니다(build 대상).

빌드했습니다.

경과 시간: 00:00:01.10
