C:\USERS\WLSDU\DESKTOP\WORKSPACE__JYKIM(VS2010)\CFILEFIND(ING)\CFILEFIND\DEBUG\CFILEFIND.EXE.EMBED.MANIFEST
C:\USERS\WLSDU\DESKTOP\WORKSPACE__JYKIM(VS2010)\CFILEFIND(ING)\CFILEFIND\DEBUG\CFILEFIND.EXE.EMBED.MANIFEST.RES
C:\USERS\WLSDU\DESKTOP\WORKSPACE__JYKIM(VS2010)\CFILEFIND(ING)\CFILEFIND\DEBUG\CFILEFIND.EXE.INTERMEDIATE.MANIFEST
C:\USERS\WLSDU\DESKTOP\WORKSPACE__JYKIM(VS2010)\CFILEFIND(ING)\CFILEFIND\DEBUG\CFILEFIND.OBJ
C:\USERS\WLSDU\DESKTOP\WORKSPACE__JYKIM(VS2010)\CFILEFIND(ING)\CFILEFIND\DEBUG\CFILEFIND.PCH
C:\USERS\WLSDU\DESKTOP\WORKSPACE__JYKIM(VS2010)\CFILEFIND(ING)\CFILEFIND\DEBUG\CFILEFIND.RES
C:\USERS\WLSDU\DESKTOP\WORKSPACE__JYKIM(VS2010)\CFILEFIND(ING)\CFILEFIND\DEBUG\CFILEFINDDLG.OBJ
C:\USERS\WLSDU\DESKTOP\WORKSPACE__JYKIM(VS2010)\CFILEFIND(ING)\CFILEFIND\DEBUG\STDAFX.OBJ
C:\USERS\WLSDU\DESKTOP\WORKSPACE__JYKIM(VS2010)\CFILEFIND(ING)\CFILEFIND\DEBUG\VC100.PDB
C:\USERS\WLSDU\DESKTOP\WORKSPACE__JYKIM(VS2010)\CFILEFIND(ING)\DEBUG\CFILEFIND.EXE
C:\USERS\WLSDU\DESKTOP\WORKSPACE__JYKIM(VS2010)\CFILEFIND(ING)\DEBUG\CFILEFIND.ILK
C:\USERS\WLSDU\DESKTOP\WORKSPACE__JYKIM(VS2010)\CFILEFIND(ING)\DEBUG\CFILEFIND.PDB
C:\Users\wlsdu\Desktop\WorkSpace__JYKim(VS2010)\CFileFind\CFileFind\Debug\CFileFind.exe.embed.manifest
C:\USERS\WLSDU\DESKTOP\WORKSPACE__JYKIM(VS2010)\CFILEFIND\CFILEFIND\DEBUG\CFILEFIND.EXE.EMBED.MANIFEST.RES
C:\USERS\WLSDU\DESKTOP\WORKSPACE__JYKIM(VS2010)\CFILEFIND\CFILEFIND\DEBUG\CFILEFIND.EXE.INTERMEDIATE.MANIFEST
C:\USERS\WLSDU\DESKTOP\WORKSPACE__JYKIM(VS2010)\CFILEFIND\CFILEFIND\DEBUG\CFILEFIND.OBJ
C:\USERS\WLSDU\DESKTOP\WORKSPACE__JYKIM(VS2010)\CFILEFIND\CFILEFIND\DEBUG\CFILEFIND.PCH
C:\USERS\WLSDU\DESKTOP\WORKSPACE__JYKIM(VS2010)\CFILEFIND\CFILEFIND\DEBUG\CFILEFIND.RES
C:\Users\wlsdu\Desktop\WorkSpace__JYKim(VS2010)\CFileFind\CFileFind\Debug\CFileFind.vcxprojResolveAssemblyReference.cache
C:\Users\wlsdu\Desktop\WorkSpace__JYKim(VS2010)\CFileFind\CFileFind\Debug\CFileFind.write.1.tlog
C:\Users\wlsdu\Desktop\WorkSpace__JYKim(VS2010)\CFileFind\CFileFind\Debug\CFileFind_manifest.rc
C:\USERS\WLSDU\DESKTOP\WORKSPACE__JYKIM(VS2010)\CFILEFIND\CFILEFIND\DEBUG\CFILEFINDDLG.OBJ
C:\Users\wlsdu\Desktop\WorkSpace__JYKim(VS2010)\CFileFind\CFileFind\Debug\cl.command.1.tlog
C:\Users\wlsdu\Desktop\WorkSpace__JYKim(VS2010)\CFileFind\CFileFind\Debug\CL.read.1.tlog
C:\Users\wlsdu\Desktop\WorkSpace__JYKim(VS2010)\CFileFind\CFileFind\Debug\CL.write.1.tlog
C:\Users\wlsdu\Desktop\WorkSpace__JYKim(VS2010)\CFileFind\CFileFind\Debug\link.command.1.tlog
C:\Users\wlsdu\Desktop\WorkSpace__JYKim(VS2010)\CFileFind\CFileFind\Debug\link.read.1.tlog
C:\Users\wlsdu\Desktop\WorkSpace__JYKim(VS2010)\CFileFind\CFileFind\Debug\link.write.1.tlog
C:\Users\wlsdu\Desktop\WorkSpace__JYKim(VS2010)\CFileFind\CFileFind\Debug\link-cvtres.read.1.tlog
C:\Users\wlsdu\Desktop\WorkSpace__JYKim(VS2010)\CFileFind\CFileFind\Debug\link-cvtres.write.1.tlog
C:\Users\wlsdu\Desktop\WorkSpace__JYKim(VS2010)\CFileFind\CFileFind\Debug\mt.command.1.tlog
C:\Users\wlsdu\Desktop\WorkSpace__JYKim(VS2010)\CFileFind\CFileFind\Debug\mt.read.1.tlog
C:\Users\wlsdu\Desktop\WorkSpace__JYKim(VS2010)\CFileFind\CFileFind\Debug\mt.write.1.tlog
C:\Users\wlsdu\Desktop\WorkSpace__JYKim(VS2010)\CFileFind\CFileFind\Debug\rc.command.1.tlog
C:\Users\wlsdu\Desktop\WorkSpace__JYKim(VS2010)\CFileFind\CFileFind\Debug\rc.read.1.tlog
C:\Users\wlsdu\Desktop\WorkSpace__JYKim(VS2010)\CFileFind\CFileFind\Debug\rc.write.1.tlog
C:\USERS\WLSDU\DESKTOP\WORKSPACE__JYKIM(VS2010)\CFILEFIND\CFILEFIND\DEBUG\STDAFX.OBJ
C:\Users\wlsdu\Desktop\WorkSpace__JYKim(VS2010)\CFileFind\CFileFind\Debug\vc100.idb
C:\USERS\WLSDU\DESKTOP\WORKSPACE__JYKIM(VS2010)\CFILEFIND\CFILEFIND\DEBUG\VC100.PDB
C:\USERS\WLSDU\DESKTOP\WORKSPACE__JYKIM(VS2010)\CFILEFIND\DEBUG\CFILEFIND.EXE
C:\USERS\WLSDU\DESKTOP\WORKSPACE__JYKIM(VS2010)\CFILEFIND\DEBUG\CFILEFIND.ILK
C:\USERS\WLSDU\DESKTOP\WORKSPACE__JYKIM(VS2010)\CFILEFIND\DEBUG\CFILEFIND.PDB
