C:\Users\wlsdu\Desktop\WorkSpace__JYKim(VS2010)\GDIPlus_ScrollBar\Debug\GDIPlus.pdb
C:\Users\wlsdu\Desktop\WorkSpace__JYKim(VS2010)\GDIPlus_ScrollBar\GDIPlus\Debug\cl.command.1.tlog
C:\Users\wlsdu\Desktop\WorkSpace__JYKim(VS2010)\GDIPlus_ScrollBar\GDIPlus\Debug\CL.read.1.tlog
C:\Users\wlsdu\Desktop\WorkSpace__JYKim(VS2010)\GDIPlus_ScrollBar\GDIPlus\Debug\CL.write.1.tlog
C:\USERS\WLSDU\DESKTOP\WORKSPACE__JYKIM(VS2010)\GDIPLUS_SCROLLBAR\GDIPLUS\DEBUG\GDIPLUS.EXE.EMBED.MANIFEST
C:\USERS\WLSDU\DESKTOP\WORKSPACE__JYKIM(VS2010)\GDIPLUS_SCROLLBAR\GDIPLUS\DEBUG\GDIPLUS.EXE.EMBED.MANIFEST.RES
C:\Users\wlsdu\Desktop\WorkSpace__JYKim(VS2010)\GDIPlus_ScrollBar\GDIPlus\Debug\GDIPlus.exe.intermediate.manifest
C:\USERS\WLSDU\DESKTOP\WORKSPACE__JYKIM(VS2010)\GDIPLUS_SCROLLBAR\GDIPLUS\DEBUG\GDIPLUS.OBJ
C:\USERS\WLSDU\DESKTOP\WORKSPACE__JYKIM(VS2010)\GDIPLUS_SCROLLBAR\GDIPLUS\DEBUG\GDIPLUS.PCH
C:\USERS\WLSDU\DESKTOP\WORKSPACE__JYKIM(VS2010)\GDIPLUS_SCROLLBAR\GDIPLUS\DEBUG\GDIPLUS.RES
C:\Users\wlsdu\Desktop\WorkSpace__JYKim(VS2010)\GDIPlus_ScrollBar\GDIPlus\Debug\GDIPlus.vcxprojResolveAssemblyReference.cache
C:\Users\wlsdu\Desktop\WorkSpace__JYKim(VS2010)\GDIPlus_ScrollBar\GDIPlus\Debug\GDIPlus.write.1.tlog
C:\Users\wlsdu\Desktop\WorkSpace__JYKim(VS2010)\GDIPlus_ScrollBar\GDIPlus\Debug\GDIPlus_manifest.rc
C:\USERS\WLSDU\DESKTOP\WORKSPACE__JYKIM(VS2010)\GDIPLUS_SCROLLBAR\GDIPLUS\DEBUG\GDIPLUSDLG.OBJ
C:\Users\wlsdu\Desktop\WorkSpace__JYKim(VS2010)\GDIPlus_ScrollBar\GDIPlus\Debug\link.11904.read.1.tlog
C:\Users\wlsdu\Desktop\WorkSpace__JYKim(VS2010)\GDIPlus_ScrollBar\GDIPlus\Debug\link.11904.write.1.tlog
C:\Users\wlsdu\Desktop\WorkSpace__JYKim(VS2010)\GDIPlus_ScrollBar\GDIPlus\Debug\link.11904-cvtres.read.1.tlog
C:\Users\wlsdu\Desktop\WorkSpace__JYKim(VS2010)\GDIPlus_ScrollBar\GDIPlus\Debug\link.11904-cvtres.write.1.tlog
C:\Users\wlsdu\Desktop\WorkSpace__JYKim(VS2010)\GDIPlus_ScrollBar\GDIPlus\Debug\link.command.1.tlog
C:\Users\wlsdu\Desktop\WorkSpace__JYKim(VS2010)\GDIPlus_ScrollBar\GDIPlus\Debug\link.read.1.tlog
C:\Users\wlsdu\Desktop\WorkSpace__JYKim(VS2010)\GDIPlus_ScrollBar\GDIPlus\Debug\link.write.1.tlog
C:\Users\wlsdu\Desktop\WorkSpace__JYKim(VS2010)\GDIPlus_ScrollBar\GDIPlus\Debug\link-cvtres.read.1.tlog
C:\Users\wlsdu\Desktop\WorkSpace__JYKim(VS2010)\GDIPlus_ScrollBar\GDIPlus\Debug\link-cvtres.write.1.tlog
C:\Users\wlsdu\Desktop\WorkSpace__JYKim(VS2010)\GDIPlus_ScrollBar\GDIPlus\Debug\mt.command.1.tlog
C:\Users\wlsdu\Desktop\WorkSpace__JYKim(VS2010)\GDIPlus_ScrollBar\GDIPlus\Debug\mt.read.1.tlog
C:\Users\wlsdu\Desktop\WorkSpace__JYKim(VS2010)\GDIPlus_ScrollBar\GDIPlus\Debug\mt.write.1.tlog
C:\Users\wlsdu\Desktop\WorkSpace__JYKim(VS2010)\GDIPlus_ScrollBar\GDIPlus\Debug\rc.command.1.tlog
C:\Users\wlsdu\Desktop\WorkSpace__JYKim(VS2010)\GDIPlus_ScrollBar\GDIPlus\Debug\rc.read.1.tlog
C:\Users\wlsdu\Desktop\WorkSpace__JYKim(VS2010)\GDIPlus_ScrollBar\GDIPlus\Debug\rc.write.1.tlog
C:\USERS\WLSDU\DESKTOP\WORKSPACE__JYKIM(VS2010)\GDIPLUS_SCROLLBAR\GDIPLUS\DEBUG\STDAFX.OBJ
C:\Users\wlsdu\Desktop\WorkSpace__JYKim(VS2010)\GDIPlus_ScrollBar\GDIPlus\Debug\vc100.idb
C:\USERS\WLSDU\DESKTOP\WORKSPACE__JYKIM(VS2010)\GDIPLUS_SCROLLBAR\GDIPLUS\DEBUG\VC100.PDB
