빌드 시작: 2018-04-13 오후 4:12:00
     1>2 노드의 "C:\Users\wlsdu\Desktop\WorkSpace__JYKim(VS2010)\ScrollBarBase(ing)\ScrollBarBase\ScrollBarBase.vcxproj" 프로젝트(build 대상)입니다.
     1>InitializeBuildStatus:
         "AlwaysCreate"이(가) 지정되었기 때문에 "Debug\ScrollBarBase.unsuccessfulbuild"을(를) 만들고 있습니다.
       ClCompile:
         모든 출력이 최신 상태입니다.
         C:\Program Files (x86)\Microsoft Visual Studio 10.0\VC\bin\CL.exe /c /ZI /nologo /W3 /WX- /Od /Oy- /D WIN32 /D _WINDOWS /D _DEBUG /D _UNICODE /D UNICODE /D _AFXDLL /Gm /EHsc /RTC1 /MDd /GS /fp:precise /Zc:wchar_t /Zc:forScope /Yu"StdAfx.h" /Fp"Debug\ScrollBarBase.pch" /Fo"Debug\\" /Fd"Debug\vc100.pdb" /Gd /TP /analyze- /errorReport:prompt ParentDlg.cpp ScrollBarBase.cpp ScrollBarBaseDlg.cpp
         ParentDlg.cpp
         코드를 생성하고 있습니다...
         컴파일하고 있습니다...
         ScrollBarBaseDlg.cpp
         ScrollBarBase.cpp
         코드를 생성하고 있습니다...
       ResourceCompile:
         c:\Program Files (x86)\Microsoft SDKs\Windows\v7.0A\bin\rc.exe /D _DEBUG /D _UNICODE /D UNICODE /D _AFXDLL /l"0x0412" /IDebug\ /nologo /fo"Debug\ScrollBarBase.res" ScrollBarBase.rc 
       ManifestResourceCompile:
         모든 출력이 최신 상태입니다.
       Link:
         C:\Program Files (x86)\Microsoft Visual Studio 10.0\VC\bin\link.exe /ERRORREPORT:PROMPT /OUT:"C:\Users\wlsdu\Desktop\WorkSpace__JYKim(VS2010)\ScrollBarBase(ing)\Debug\ScrollBarBase.exe" /INCREMENTAL /NOLOGO /MANIFEST /ManifestFile:"Debug\ScrollBarBase.exe.intermediate.manifest" /MANIFESTUAC:"level='asInvoker' uiAccess='false'" /DEBUG /PDB:"C:\Users\wlsdu\Desktop\WorkSpace__JYKim(VS2010)\ScrollBarBase(ing)\Debug\ScrollBarBase.pdb" /SUBSYSTEM:WINDOWS /TLBID:1 /ENTRY:"wWinMainCRTStartup" /DYNAMICBASE /NXCOMPAT /IMPLIB:"C:\Users\wlsdu\Desktop\WorkSpace__JYKim(VS2010)\ScrollBarBase(ing)\Debug\ScrollBarBase.lib" /MACHINE:X86 Debug\ScrollBarBase.res
         Debug\ScrollBarBase.exe.embed.manifest.res
         Debug\ParentDlg.obj
         Debug\ScrollBarBase.obj
         Debug\ScrollBarBaseDlg.obj
         Debug\stdafx.obj
       Manifest:
         c:\Program Files (x86)\Microsoft SDKs\Windows\v7.0A\bin\mt.exe /nologo /verbose /out:"Debug\ScrollBarBase.exe.embed.manifest" /manifest Debug\ScrollBarBase.exe.intermediate.manifest "C:\Program Files (x86)\Microsoft Visual Studio 10.0\VC\Include\Manifest\dpiaware.manifest"
         모든 출력이 최신 상태입니다.
       LinkEmbedManifest:
         모든 출력이 최신 상태입니다.
         ScrollBarBase.vcxproj -> C:\Users\wlsdu\Desktop\WorkSpace__JYKim(VS2010)\ScrollBarBase(ing)\Debug\ScrollBarBase.exe
       FinalizeBuildStatus:
         "Debug\ScrollBarBase.unsuccessfulbuild" 파일을 삭제하고 있습니다.
         "Debug\ScrollBarBase.lastbuildstate"에 연결(touching)하고 있습니다.
     1>"C:\Users\wlsdu\Desktop\WorkSpace__JYKim(VS2010)\ScrollBarBase(ing)\ScrollBarBase\ScrollBarBase.vcxproj" 프로젝트를 빌드했습니다(build 대상).

빌드했습니다.

경과 시간: 00:00:01.21
