C:\USERS\WLSDU\DESKTOP\WORKSPACE__JYKIM(VS2010)\IPLTOHBITMAP(ING)\DEBUG\IPLTOHBITMAP.EXE
C:\USERS\WLSDU\DESKTOP\WORKSPACE__JYKIM(VS2010)\IPLTOHBITMAP(ING)\DEBUG\IPLTOHBITMAP.ILK
C:\USERS\WLSDU\DESKTOP\WORKSPACE__JYKIM(VS2010)\IPLTOHBITMAP(ING)\DEBUG\IPLTOHBITMAP.PDB
C:\USERS\WLSDU\DESKTOP\WORKSPACE__JYKIM(VS2010)\IPLTOHBITMAP(ING)\IPLTOHBITMAP\DEBUG\IPLTOHBITMAP.EXE.EMBED.MANIFEST
C:\USERS\WLSDU\DESKTOP\WORKSPACE__JYKIM(VS2010)\IPLTOHBITMAP(ING)\IPLTOHBITMAP\DEBUG\IPLTOHBITMAP.EXE.EMBED.MANIFEST.RES
C:\USERS\WLSDU\DESKTOP\WORKSPACE__JYKIM(VS2010)\IPLTOHBITMAP(ING)\IPLTOHBITMAP\DEBUG\IPLTOHBITMAP.EXE.INTERMEDIATE.MANIFEST
C:\USERS\WLSDU\DESKTOP\WORKSPACE__JYKIM(VS2010)\IPLTOHBITMAP(ING)\IPLTOHBITMAP\DEBUG\IPLTOHBITMAP.OBJ
C:\USERS\WLSDU\DESKTOP\WORKSPACE__JYKIM(VS2010)\IPLTOHBITMAP(ING)\IPLTOHBITMAP\DEBUG\IPLTOHBITMAP.PCH
C:\USERS\WLSDU\DESKTOP\WORKSPACE__JYKIM(VS2010)\IPLTOHBITMAP(ING)\IPLTOHBITMAP\DEBUG\IPLTOHBITMAP.RES
C:\USERS\WLSDU\DESKTOP\WORKSPACE__JYKIM(VS2010)\IPLTOHBITMAP(ING)\IPLTOHBITMAP\DEBUG\IPLTOHBITMAPDLG.OBJ
C:\USERS\WLSDU\DESKTOP\WORKSPACE__JYKIM(VS2010)\IPLTOHBITMAP(ING)\IPLTOHBITMAP\DEBUG\STDAFX.OBJ
C:\USERS\WLSDU\DESKTOP\WORKSPACE__JYKIM(VS2010)\IPLTOHBITMAP(ING)\IPLTOHBITMAP\DEBUG\VC100.PDB
C:\Users\wlsdu\Desktop\WorkSpace__JYKim(VS2010)\IPLtoHBITMAP\Debug\IPLtoHBITMAP.pdb
C:\Users\wlsdu\Desktop\WorkSpace__JYKim(VS2010)\IPLtoHBITMAP\IPLtoHBITMAP\Debug\cl.command.1.tlog
C:\Users\wlsdu\Desktop\WorkSpace__JYKim(VS2010)\IPLtoHBITMAP\IPLtoHBITMAP\Debug\CL.read.1.tlog
C:\Users\wlsdu\Desktop\WorkSpace__JYKim(VS2010)\IPLtoHBITMAP\IPLtoHBITMAP\Debug\CL.write.1.tlog
C:\Users\wlsdu\Desktop\WorkSpace__JYKim(VS2010)\IPLtoHBITMAP\IPLtoHBITMAP\Debug\IPLtoHBITMAP.exe.embed.manifest
C:\USERS\WLSDU\DESKTOP\WORKSPACE__JYKIM(VS2010)\IPLTOHBITMAP\IPLTOHBITMAP\DEBUG\IPLTOHBITMAP.EXE.EMBED.MANIFEST.RES
C:\Users\wlsdu\Desktop\WorkSpace__JYKim(VS2010)\IPLtoHBITMAP\IPLtoHBITMAP\Debug\IPLtoHBITMAP.exe.intermediate.manifest
C:\USERS\WLSDU\DESKTOP\WORKSPACE__JYKIM(VS2010)\IPLTOHBITMAP\IPLTOHBITMAP\DEBUG\IPLTOHBITMAP.OBJ
C:\USERS\WLSDU\DESKTOP\WORKSPACE__JYKIM(VS2010)\IPLTOHBITMAP\IPLTOHBITMAP\DEBUG\IPLTOHBITMAP.PCH
C:\USERS\WLSDU\DESKTOP\WORKSPACE__JYKIM(VS2010)\IPLTOHBITMAP\IPLTOHBITMAP\DEBUG\IPLTOHBITMAP.RES
C:\Users\wlsdu\Desktop\WorkSpace__JYKim(VS2010)\IPLtoHBITMAP\IPLtoHBITMAP\Debug\IPLtoHBITMAP.vcxprojResolveAssemblyReference.cache
C:\Users\wlsdu\Desktop\WorkSpace__JYKim(VS2010)\IPLtoHBITMAP\IPLtoHBITMAP\Debug\IPLtoHBITMAP.write.1.tlog
C:\Users\wlsdu\Desktop\WorkSpace__JYKim(VS2010)\IPLtoHBITMAP\IPLtoHBITMAP\Debug\IPLtoHBITMAP_manifest.rc
C:\USERS\WLSDU\DESKTOP\WORKSPACE__JYKIM(VS2010)\IPLTOHBITMAP\IPLTOHBITMAP\DEBUG\IPLTOHBITMAPDLG.OBJ
C:\Users\wlsdu\Desktop\WorkSpace__JYKim(VS2010)\IPLtoHBITMAP\IPLtoHBITMAP\Debug\link.2012.read.1.tlog
C:\Users\wlsdu\Desktop\WorkSpace__JYKim(VS2010)\IPLtoHBITMAP\IPLtoHBITMAP\Debug\link.2012.write.1.tlog
C:\Users\wlsdu\Desktop\WorkSpace__JYKim(VS2010)\IPLtoHBITMAP\IPLtoHBITMAP\Debug\link.2012-cvtres.read.1.tlog
C:\Users\wlsdu\Desktop\WorkSpace__JYKim(VS2010)\IPLtoHBITMAP\IPLtoHBITMAP\Debug\link.2012-cvtres.write.1.tlog
C:\Users\wlsdu\Desktop\WorkSpace__JYKim(VS2010)\IPLtoHBITMAP\IPLtoHBITMAP\Debug\link.20288.read.1.tlog
C:\Users\wlsdu\Desktop\WorkSpace__JYKim(VS2010)\IPLtoHBITMAP\IPLtoHBITMAP\Debug\link.20288.write.1.tlog
C:\Users\wlsdu\Desktop\WorkSpace__JYKim(VS2010)\IPLtoHBITMAP\IPLtoHBITMAP\Debug\link.20288-cvtres.read.1.tlog
C:\Users\wlsdu\Desktop\WorkSpace__JYKim(VS2010)\IPLtoHBITMAP\IPLtoHBITMAP\Debug\link.20288-cvtres.write.1.tlog
C:\Users\wlsdu\Desktop\WorkSpace__JYKim(VS2010)\IPLtoHBITMAP\IPLtoHBITMAP\Debug\link.command.1.tlog
C:\Users\wlsdu\Desktop\WorkSpace__JYKim(VS2010)\IPLtoHBITMAP\IPLtoHBITMAP\Debug\link.read.1.tlog
C:\Users\wlsdu\Desktop\WorkSpace__JYKim(VS2010)\IPLtoHBITMAP\IPLtoHBITMAP\Debug\link.write.1.tlog
C:\Users\wlsdu\Desktop\WorkSpace__JYKim(VS2010)\IPLtoHBITMAP\IPLtoHBITMAP\Debug\link-cvtres.read.1.tlog
C:\Users\wlsdu\Desktop\WorkSpace__JYKim(VS2010)\IPLtoHBITMAP\IPLtoHBITMAP\Debug\link-cvtres.write.1.tlog
C:\Users\wlsdu\Desktop\WorkSpace__JYKim(VS2010)\IPLtoHBITMAP\IPLtoHBITMAP\Debug\mt.command.1.tlog
C:\Users\wlsdu\Desktop\WorkSpace__JYKim(VS2010)\IPLtoHBITMAP\IPLtoHBITMAP\Debug\mt.read.1.tlog
C:\Users\wlsdu\Desktop\WorkSpace__JYKim(VS2010)\IPLtoHBITMAP\IPLtoHBITMAP\Debug\mt.write.1.tlog
C:\Users\wlsdu\Desktop\WorkSpace__JYKim(VS2010)\IPLtoHBITMAP\IPLtoHBITMAP\Debug\rc.command.1.tlog
C:\Users\wlsdu\Desktop\WorkSpace__JYKim(VS2010)\IPLtoHBITMAP\IPLtoHBITMAP\Debug\rc.read.1.tlog
C:\Users\wlsdu\Desktop\WorkSpace__JYKim(VS2010)\IPLtoHBITMAP\IPLtoHBITMAP\Debug\rc.write.1.tlog
C:\USERS\WLSDU\DESKTOP\WORKSPACE__JYKIM(VS2010)\IPLTOHBITMAP\IPLTOHBITMAP\DEBUG\STDAFX.OBJ
C:\Users\wlsdu\Desktop\WorkSpace__JYKim(VS2010)\IPLtoHBITMAP\IPLtoHBITMAP\Debug\vc100.idb
C:\USERS\WLSDU\DESKTOP\WORKSPACE__JYKIM(VS2010)\IPLTOHBITMAP\IPLTOHBITMAP\DEBUG\VC100.PDB
