C:\USERS\WLSDU\DESKTOP\WORKSPACE__JYKIM(VS2010)\GDIPlus\DEBUG\GDIPlus.EXE
C:\USERS\WLSDU\DESKTOP\WORKSPACE__JYKIM(VS2010)\GDIPlus\DEBUG\GDIPlus.ILK
C:\USERS\WLSDU\DESKTOP\WORKSPACE__JYKIM(VS2010)\GDIPlus\DEBUG\GDIPlus.PDB
C:\Users\wlsdu\Desktop\WorkSpace__JYKim(VS2010)\GDIPlus\GDIPlus\Debug\cl.command.1.tlog
C:\Users\wlsdu\Desktop\WorkSpace__JYKim(VS2010)\GDIPlus\GDIPlus\Debug\CL.read.1.tlog
C:\Users\wlsdu\Desktop\WorkSpace__JYKim(VS2010)\GDIPlus\GDIPlus\Debug\CL.write.1.tlog
C:\USERS\WLSDU\DESKTOP\WORKSPACE__JYKIM(VS2010)\GDIPlus\GDIPlus\DEBUG\GDIPlus.EXE.EMBED.MANIFEST
C:\USERS\WLSDU\DESKTOP\WORKSPACE__JYKIM(VS2010)\GDIPlus\GDIPlus\DEBUG\GDIPlus.EXE.EMBED.MANIFEST.RES
C:\USERS\WLSDU\DESKTOP\WORKSPACE__JYKIM(VS2010)\GDIPlus\GDIPlus\DEBUG\GDIPlus.EXE.INTERMEDIATE.MANIFEST
C:\USERS\WLSDU\DESKTOP\WORKSPACE__JYKIM(VS2010)\GDIPlus\GDIPlus\DEBUG\GDIPlus.OBJ
C:\USERS\WLSDU\DESKTOP\WORKSPACE__JYKIM(VS2010)\GDIPlus\GDIPlus\DEBUG\GDIPlus.PCH
C:\USERS\WLSDU\DESKTOP\WORKSPACE__JYKIM(VS2010)\GDIPlus\GDIPlus\DEBUG\GDIPlus.RES
C:\Users\wlsdu\Desktop\WorkSpace__JYKim(VS2010)\GDIPlus\GDIPlus\Debug\GDIPlus.vcxprojResolveAssemblyReference.cache
C:\Users\wlsdu\Desktop\WorkSpace__JYKim(VS2010)\GDIPlus\GDIPlus\Debug\GDIPlus.write.1.tlog
C:\Users\wlsdu\Desktop\WorkSpace__JYKim(VS2010)\GDIPlus\GDIPlus\Debug\GDIPlus_manifest.rc
C:\Users\wlsdu\Desktop\WorkSpace__JYKim(VS2010)\GDIPlus\GDIPlus\Debug\link.17024.read.1.tlog
C:\Users\wlsdu\Desktop\WorkSpace__JYKim(VS2010)\GDIPlus\GDIPlus\Debug\link.17024.write.1.tlog
C:\Users\wlsdu\Desktop\WorkSpace__JYKim(VS2010)\GDIPlus\GDIPlus\Debug\link.17024-cvtres.read.1.tlog
C:\Users\wlsdu\Desktop\WorkSpace__JYKim(VS2010)\GDIPlus\GDIPlus\Debug\link.17024-cvtres.write.1.tlog
C:\Users\wlsdu\Desktop\WorkSpace__JYKim(VS2010)\GDIPlus\GDIPlus\Debug\link.command.1.tlog
C:\Users\wlsdu\Desktop\WorkSpace__JYKim(VS2010)\GDIPlus\GDIPlus\Debug\link.read.1.tlog
C:\Users\wlsdu\Desktop\WorkSpace__JYKim(VS2010)\GDIPlus\GDIPlus\Debug\link.write.1.tlog
C:\Users\wlsdu\Desktop\WorkSpace__JYKim(VS2010)\GDIPlus\GDIPlus\Debug\link-cvtres.read.1.tlog
C:\Users\wlsdu\Desktop\WorkSpace__JYKim(VS2010)\GDIPlus\GDIPlus\Debug\link-cvtres.write.1.tlog
C:\Users\wlsdu\Desktop\WorkSpace__JYKim(VS2010)\GDIPlus\GDIPlus\Debug\mt.command.1.tlog
C:\Users\wlsdu\Desktop\WorkSpace__JYKim(VS2010)\GDIPlus\GDIPlus\Debug\mt.read.1.tlog
C:\Users\wlsdu\Desktop\WorkSpace__JYKim(VS2010)\GDIPlus\GDIPlus\Debug\mt.write.1.tlog
C:\Users\wlsdu\Desktop\WorkSpace__JYKim(VS2010)\GDIPlus\GDIPlus\Debug\rc.command.1.tlog
C:\Users\wlsdu\Desktop\WorkSpace__JYKim(VS2010)\GDIPlus\GDIPlus\Debug\rc.read.1.tlog
C:\Users\wlsdu\Desktop\WorkSpace__JYKim(VS2010)\GDIPlus\GDIPlus\Debug\rc.write.1.tlog
C:\USERS\WLSDU\DESKTOP\WORKSPACE__JYKIM(VS2010)\GDIPlus\GDIPlus\DEBUG\STDAFX.OBJ
C:\Users\wlsdu\Desktop\WorkSpace__JYKim(VS2010)\GDIPlus\GDIPlus\Debug\vc100.idb
C:\USERS\WLSDU\DESKTOP\WORKSPACE__JYKIM(VS2010)\GDIPlus\GDIPlus\DEBUG\VC100.PDB
