C:\USERS\WLSDU\DESKTOP\WORKSPACE__JYKIM(VS2010)\TREECTRL\DEBUG\TREECTRL.EXE
C:\USERS\WLSDU\DESKTOP\WORKSPACE__JYKIM(VS2010)\TREECTRL\DEBUG\TREECTRL.ILK
C:\USERS\WLSDU\DESKTOP\WORKSPACE__JYKIM(VS2010)\TREECTRL\DEBUG\TREECTRL.PDB
C:\Users\wlsdu\Desktop\WorkSpace__JYKim(VS2010)\TreeCtrl\TreeCtrl\Debug\cl.command.1.tlog
C:\Users\wlsdu\Desktop\WorkSpace__JYKim(VS2010)\TreeCtrl\TreeCtrl\Debug\CL.read.1.tlog
C:\Users\wlsdu\Desktop\WorkSpace__JYKim(VS2010)\TreeCtrl\TreeCtrl\Debug\CL.write.1.tlog
C:\Users\wlsdu\Desktop\WorkSpace__JYKim(VS2010)\TreeCtrl\TreeCtrl\Debug\link.command.1.tlog
C:\Users\wlsdu\Desktop\WorkSpace__JYKim(VS2010)\TreeCtrl\TreeCtrl\Debug\link.read.1.tlog
C:\Users\wlsdu\Desktop\WorkSpace__JYKim(VS2010)\TreeCtrl\TreeCtrl\Debug\link.write.1.tlog
C:\Users\wlsdu\Desktop\WorkSpace__JYKim(VS2010)\TreeCtrl\TreeCtrl\Debug\link-cvtres.read.1.tlog
C:\Users\wlsdu\Desktop\WorkSpace__JYKim(VS2010)\TreeCtrl\TreeCtrl\Debug\link-cvtres.write.1.tlog
C:\Users\wlsdu\Desktop\WorkSpace__JYKim(VS2010)\TreeCtrl\TreeCtrl\Debug\mt.command.1.tlog
C:\Users\wlsdu\Desktop\WorkSpace__JYKim(VS2010)\TreeCtrl\TreeCtrl\Debug\mt.read.1.tlog
C:\Users\wlsdu\Desktop\WorkSpace__JYKim(VS2010)\TreeCtrl\TreeCtrl\Debug\mt.write.1.tlog
C:\Users\wlsdu\Desktop\WorkSpace__JYKim(VS2010)\TreeCtrl\TreeCtrl\Debug\rc.command.1.tlog
C:\Users\wlsdu\Desktop\WorkSpace__JYKim(VS2010)\TreeCtrl\TreeCtrl\Debug\rc.read.1.tlog
C:\Users\wlsdu\Desktop\WorkSpace__JYKim(VS2010)\TreeCtrl\TreeCtrl\Debug\rc.write.1.tlog
C:\USERS\WLSDU\DESKTOP\WORKSPACE__JYKIM(VS2010)\TREECTRL\TREECTRL\DEBUG\STDAFX.OBJ
C:\USERS\WLSDU\DESKTOP\WORKSPACE__JYKIM(VS2010)\TREECTRL\TREECTRL\DEBUG\TREECTRL.EXE.EMBED.MANIFEST
C:\USERS\WLSDU\DESKTOP\WORKSPACE__JYKIM(VS2010)\TREECTRL\TREECTRL\DEBUG\TREECTRL.EXE.EMBED.MANIFEST.RES
C:\USERS\WLSDU\DESKTOP\WORKSPACE__JYKIM(VS2010)\TREECTRL\TREECTRL\DEBUG\TREECTRL.EXE.INTERMEDIATE.MANIFEST
C:\USERS\WLSDU\DESKTOP\WORKSPACE__JYKIM(VS2010)\TREECTRL\TREECTRL\DEBUG\TREECTRL.OBJ
C:\USERS\WLSDU\DESKTOP\WORKSPACE__JYKIM(VS2010)\TREECTRL\TREECTRL\DEBUG\TREECTRL.PCH
C:\USERS\WLSDU\DESKTOP\WORKSPACE__JYKIM(VS2010)\TREECTRL\TREECTRL\DEBUG\TREECTRL.RES
C:\Users\wlsdu\Desktop\WorkSpace__JYKim(VS2010)\TreeCtrl\TreeCtrl\Debug\TreeCtrl.vcxprojResolveAssemblyReference.cache
C:\Users\wlsdu\Desktop\WorkSpace__JYKim(VS2010)\TreeCtrl\TreeCtrl\Debug\TreeCtrl.write.1.tlog
C:\Users\wlsdu\Desktop\WorkSpace__JYKim(VS2010)\TreeCtrl\TreeCtrl\Debug\TreeCtrl_manifest.rc
C:\USERS\WLSDU\DESKTOP\WORKSPACE__JYKIM(VS2010)\TREECTRL\TREECTRL\DEBUG\TREECTRLDLG.OBJ
C:\Users\wlsdu\Desktop\WorkSpace__JYKim(VS2010)\TreeCtrl\TreeCtrl\Debug\vc100.idb
C:\USERS\WLSDU\DESKTOP\WORKSPACE__JYKIM(VS2010)\TREECTRL\TREECTRL\DEBUG\VC100.PDB
