C:\USERS\WLSDU\DESKTOP\WORKSPACE__JYKIM(VS2010)\SCROLLBAR\DEBUG\SCROLLBAR.EXE
C:\USERS\WLSDU\DESKTOP\WORKSPACE__JYKIM(VS2010)\SCROLLBAR\DEBUG\SCROLLBAR.ILK
C:\USERS\WLSDU\DESKTOP\WORKSPACE__JYKIM(VS2010)\SCROLLBAR\DEBUG\SCROLLBAR.PDB
C:\Users\wlsdu\Desktop\WorkSpace__JYKim(VS2010)\ScrollBar\ScrollBar\Debug\cl.command.1.tlog
C:\Users\wlsdu\Desktop\WorkSpace__JYKim(VS2010)\ScrollBar\ScrollBar\Debug\CL.read.1.tlog
C:\Users\wlsdu\Desktop\WorkSpace__JYKim(VS2010)\ScrollBar\ScrollBar\Debug\CL.write.1.tlog
C:\Users\wlsdu\Desktop\WorkSpace__JYKim(VS2010)\ScrollBar\ScrollBar\Debug\link.command.1.tlog
C:\Users\wlsdu\Desktop\WorkSpace__JYKim(VS2010)\ScrollBar\ScrollBar\Debug\link.read.1.tlog
C:\Users\wlsdu\Desktop\WorkSpace__JYKim(VS2010)\ScrollBar\ScrollBar\Debug\link.write.1.tlog
C:\Users\wlsdu\Desktop\WorkSpace__JYKim(VS2010)\ScrollBar\ScrollBar\Debug\link-cvtres.read.1.tlog
C:\Users\wlsdu\Desktop\WorkSpace__JYKim(VS2010)\ScrollBar\ScrollBar\Debug\link-cvtres.write.1.tlog
C:\Users\wlsdu\Desktop\WorkSpace__JYKim(VS2010)\ScrollBar\ScrollBar\Debug\mt.command.1.tlog
C:\Users\wlsdu\Desktop\WorkSpace__JYKim(VS2010)\ScrollBar\ScrollBar\Debug\mt.read.1.tlog
C:\Users\wlsdu\Desktop\WorkSpace__JYKim(VS2010)\ScrollBar\ScrollBar\Debug\mt.write.1.tlog
C:\Users\wlsdu\Desktop\WorkSpace__JYKim(VS2010)\ScrollBar\ScrollBar\Debug\rc.command.1.tlog
C:\Users\wlsdu\Desktop\WorkSpace__JYKim(VS2010)\ScrollBar\ScrollBar\Debug\rc.read.1.tlog
C:\Users\wlsdu\Desktop\WorkSpace__JYKim(VS2010)\ScrollBar\ScrollBar\Debug\rc.write.1.tlog
C:\USERS\WLSDU\DESKTOP\WORKSPACE__JYKIM(VS2010)\SCROLLBAR\SCROLLBAR\DEBUG\SCROLLBAR.EXE.EMBED.MANIFEST
C:\USERS\WLSDU\DESKTOP\WORKSPACE__JYKIM(VS2010)\SCROLLBAR\SCROLLBAR\DEBUG\SCROLLBAR.EXE.EMBED.MANIFEST.RES
C:\USERS\WLSDU\DESKTOP\WORKSPACE__JYKIM(VS2010)\SCROLLBAR\SCROLLBAR\DEBUG\SCROLLBAR.EXE.INTERMEDIATE.MANIFEST
C:\USERS\WLSDU\DESKTOP\WORKSPACE__JYKIM(VS2010)\SCROLLBAR\SCROLLBAR\DEBUG\SCROLLBAR.OBJ
C:\USERS\WLSDU\DESKTOP\WORKSPACE__JYKIM(VS2010)\SCROLLBAR\SCROLLBAR\DEBUG\SCROLLBAR.PCH
C:\USERS\WLSDU\DESKTOP\WORKSPACE__JYKIM(VS2010)\SCROLLBAR\SCROLLBAR\DEBUG\SCROLLBAR.RES
C:\Users\wlsdu\Desktop\WorkSpace__JYKim(VS2010)\ScrollBar\ScrollBar\Debug\ScrollBar.vcxprojResolveAssemblyReference.cache
C:\Users\wlsdu\Desktop\WorkSpace__JYKim(VS2010)\ScrollBar\ScrollBar\Debug\ScrollBar.write.1.tlog
C:\Users\wlsdu\Desktop\WorkSpace__JYKim(VS2010)\ScrollBar\ScrollBar\Debug\ScrollBar_manifest.rc
C:\USERS\WLSDU\DESKTOP\WORKSPACE__JYKIM(VS2010)\SCROLLBAR\SCROLLBAR\DEBUG\SCROLLBARDLG.OBJ
C:\USERS\WLSDU\DESKTOP\WORKSPACE__JYKIM(VS2010)\SCROLLBAR\SCROLLBAR\DEBUG\STDAFX.OBJ
C:\Users\wlsdu\Desktop\WorkSpace__JYKim(VS2010)\ScrollBar\ScrollBar\Debug\vc100.idb
C:\USERS\WLSDU\DESKTOP\WORKSPACE__JYKIM(VS2010)\SCROLLBAR\SCROLLBAR\DEBUG\VC100.PDB
