빌드 시작: 2018-04-13 오전 9:52:11
     1>2 노드의 "C:\Users\wlsdu\Desktop\WorkSpace__JYKim(VS2010)\ScrollBar\ScrollBar\ScrollBar.vcxproj" 프로젝트(build 대상)입니다.
     1>InitializeBuildStatus:
         "AlwaysCreate"이(가) 지정되었기 때문에 "Debug\ScrollBar.unsuccessfulbuild"을(를) 만들고 있습니다.
       ClCompile:
         모든 출력이 최신 상태입니다.
         C:\Program Files (x86)\Microsoft Visual Studio 10.0\VC\bin\CL.exe /c /IK:\opencv\build\include /ZI /nologo /W3 /WX- /Od /Oy- /D WIN32 /D _WINDOWS /D _DEBUG /D _UNICODE /D UNICODE /D _AFXDLL /Gm /EHsc /RTC1 /MDd /GS /fp:precise /Zc:wchar_t /Zc:forScope /Yu"StdAfx.h" /Fp"Debug\ScrollBar.pch" /Fo"Debug\\" /Fd"Debug\vc100.pdb" /Gd /TP /analyze- /errorReport:prompt ScrollBarDlg.cpp
         ScrollBarDlg.cpp
       ResourceCompile:
         모든 출력이 최신 상태입니다.
       ManifestResourceCompile:
         모든 출력이 최신 상태입니다.
       Link:
         C:\Program Files (x86)\Microsoft Visual Studio 10.0\VC\bin\link.exe /ERRORREPORT:PROMPT /OUT:"C:\Users\wlsdu\Desktop\WorkSpace__JYKim(VS2010)\ScrollBar\Debug\ScrollBar.exe" /INCREMENTAL /NOLOGO /LIBPATH:K:\opencv\build\x86\vc10\lib opencv_core231d.lib opencv_highgui231d.lib opencv_imgproc231d.lib /MANIFEST /ManifestFile:"Debug\ScrollBar.exe.intermediate.manifest" /MANIFESTUAC:"level='asInvoker' uiAccess='false'" /DEBUG /PDB:"C:\Users\wlsdu\Desktop\WorkSpace__JYKim(VS2010)\ScrollBar\Debug\ScrollBar.pdb" /SUBSYSTEM:WINDOWS /TLBID:1 /ENTRY:"wWinMainCRTStartup" /DYNAMICBASE /NXCOMPAT /IMPLIB:"C:\Users\wlsdu\Desktop\WorkSpace__JYKim(VS2010)\ScrollBar\Debug\ScrollBar.lib" /MACHINE:X86 Debug\ScrollBar.res
         Debug\ScrollBar.exe.embed.manifest.res
         Debug\ScrollBar.obj
         Debug\ScrollBarDlg.obj
         Debug\stdafx.obj
       Manifest:
         c:\Program Files (x86)\Microsoft SDKs\Windows\v7.0A\bin\mt.exe /nologo /verbose /out:"Debug\ScrollBar.exe.embed.manifest" /manifest Debug\ScrollBar.exe.intermediate.manifest "C:\Program Files (x86)\Microsoft Visual Studio 10.0\VC\Include\Manifest\dpiaware.manifest"
         모든 출력이 최신 상태입니다.
       LinkEmbedManifest:
         모든 출력이 최신 상태입니다.
         ScrollBar.vcxproj -> C:\Users\wlsdu\Desktop\WorkSpace__JYKim(VS2010)\ScrollBar\Debug\ScrollBar.exe
       FinalizeBuildStatus:
         "Debug\ScrollBar.unsuccessfulbuild" 파일을 삭제하고 있습니다.
         "Debug\ScrollBar.lastbuildstate"에 연결(touching)하고 있습니다.
     1>"C:\Users\wlsdu\Desktop\WorkSpace__JYKim(VS2010)\ScrollBar\ScrollBar\ScrollBar.vcxproj" 프로젝트를 빌드했습니다(build 대상).

빌드했습니다.

경과 시간: 00:00:02.28
